This version of µWS is not compatible with your Node.js build:

Error: Cannot find module '../binaries/uws_linux_x64_115.node'
Require stack:
- /mnt/Main/Work/coordinape/hardhat/node_modules/.pnpm/@trufflesuite+uws-js-unofficial@20.10.0-unofficial.2/node_modules/@trufflesuite/uws-js-unofficial/src/uws.js
- /mnt/Main/Work/coordinape/hardhat/node_modules/.pnpm/ganache@7.8.0/node_modules/ganache/dist/node/cli.js
Falling back to a NodeJS implementation; performance may be degraded.


ganache v7.8.0 (@ganache/cli: 0.9.0, @ganache/core: 0.9.0)
Starting RPC server

Available Accounts
==================
(0) 0xf39Fd6e51aad88F6F4ce6aB8827279cffFb92266 (1000 ETH)
(1) 0x70997970C51812dc3A010C7d01b50e0d17dc79C8 (1000 ETH)
(2) 0x3C44CdDdB6a900fa2b585dd299e03d12FA4293BC (1000 ETH)
(3) 0x90F79bf6EB2c4f870365E785982E1f101E93b906 (1000 ETH)
(4) 0x15d34AAf54267DB7D7c367839AAf71A00a2C6A65 (1000 ETH)
(5) 0x9965507D1a55bcC2695C58ba16FB37d819B0A4dc (1000 ETH)
(6) 0x976EA74026E726554dB657fA54763abd0C3a0aa9 (1000 ETH)
(7) 0x14dC79964da2C08b23698B3D3cc7Ca32193d9955 (1000 ETH)
(8) 0x23618e81E3f5cdF7f54C3d65f7FBc0aBf5B21E8f (1000 ETH)
(9) 0xa0Ee7A142d267C1f36714E4a8F75612F20a79720 (1000 ETH)
(10) 0xBcd4042DE499D14e55001CcbB24a551F3b954096 (1000 ETH)
(11) 0x71bE63f3384f5fb98995898A86B02Fb2426c5788 (1000 ETH)
(12) 0xFABB0ac9d68B0B445fB7357272Ff202C5651694a (1000 ETH)
(13) 0x1CBd3b2770909D4e10f157cABC84C7264073C9Ec (1000 ETH)
(14) 0xdF3e18d64BC6A983f673Ab319CCaE4f1a57C7097 (1000 ETH)
(15) 0xcd3B766CCDd6AE721141F452C550Ca635964ce71 (1000 ETH)
(16) 0x2546BcD3c84621e976D8185a91A922aE77ECEc30 (1000 ETH)
(17) 0xbDA5747bFD65F08deb54cb465eB87D40e51B197E (1000 ETH)
(18) 0xdD2FD4581271e230360230F9337D5c0430Bf44C0 (1000 ETH)
(19) 0x8626f6940E2eb28930eFb4CeF49B2d1F2C9C1199 (1000 ETH)

Private Keys
==================
(0) 0xac0974bec39a17e36ba4a6b4d238ff944bacb478cbed5efcae784d7bf4f2ff80
(1) 0x59c6995e998f97a5a0044966f0945389dc9e86dae88c7a8412f4603b6b78690d
(2) 0x5de4111afa1a4b94908f83103eb1f1706367c2e68ca870fc3fb9a804cdab365a
(3) 0x7c852118294e51e653712a81e05800f419141751be58f605c371e15141b007a6
(4) 0x47e179ec197488593b187f80a00eb0da91f1b9d0b13f8733639f19c30a34926a
(5) 0x8b3a350cf5c34c9194ca85829a2df0ec3153be0318b5e2d3348e872092edffba
(6) 0x92db14e403b83dfe3df233f83dfa3a0d7096f21ca9b0d6d6b8d88b2b4ec1564e
(7) 0x4bbbf85ce3377467afe5d46f804f221813b2bb87f24d81f60f1fcdbf7cbf4356
(8) 0xdbda1821b80551c9d65939329250298aa3472ba22feea921c0cf5d620ea67b97
(9) 0x2a871d0798f97d79848a013d4936a73bf4cc922c825d33c1cf7073dff6d409c6
(10) 0xf214f2b2cd398c806f84e317254e0f0b801d0643303237d97a22a48e01628897
(11) 0x701b615bbdfb9de65240bc28bd21bbc0d996645a3dd57e7b12bc2bdf6f192c82
(12) 0xa267530f49f8280200edf313ee7af6b827f2a8bce2897751d06a843f644967b1
(13) 0x47c99abed3324a2707c28affff1267e45918ec8c3f20b8aa892e8b065d2942dd
(14) 0xc526ee95bf44d8fc405a158bb884d9d1238d99f0612e9f33d006bb0789009aaa
(15) 0x8166f546bab6da521a8369cab06c5d2b9e46670292d85c875ee9ec20e84ffb61
(16) 0xea6c44ac03bff858b476bba40716402b03e41b8e97e276d1baec7c37d42484a0
(17) 0x689af8efa8c651a91ad287602527f3af2fe9f6501a7ac4b061667b5a93e037fd
(18) 0xde9be858da4a475276426320d5e9262ecfc3ba460bfac56360bfa6c4c28b4ee0
(19) 0xdf57089febbacf7ba0bc227dafbffa9fc08a93fdc68e1e42411a14efcf23656e

HD Wallet
==================
Mnemonic:      test test test test test test test test test test test junk
Base HD Path:  m/44'/60'/0'/0/{account_index}

Default Gas Price
==================
147746068036

BlockGas Limit
==================
30000000

Call Gas Limit
==================
50000000

Forked Chain
==================
Location:        https://eth-mainnet.g.alchemy.com/v2/gFbdoAWn20TC-jB1rbkFT3D49GotmlKm
Block:           13500000
Network ID:      1
Time:            Wed Apr 24 2024 00:39:00 GMT+0200 (Eastern European Standard Time)

Chain Id
==================
1338

RPC Listening on 127.0.0.1:8547
eth_chainId
eth_chainId
eth_chainId
eth_chainId
eth_estimateGas
eth_chainId
eth_getTransactionCount
eth_blockNumber
eth_chainId
eth_getBlockByNumber
eth_feeHistory
eth_maxPriorityFeePerGas
eth_chainId
eth_sendRawTransaction

  Transaction: 0x7f0376ca5367e8bd97874da56b1a286e57ac4c9e36642a9ede188db395aa2ead
  Contract created: 0xdc11f7e700a4c898ae5caddb1082cffa76512add
  Gas usage: 3252711
  Block number: 13500002
  Block time: Wed Apr 24 2024 00:39:07 GMT+0200 (Eastern European Standard Time)

eth_chainId
eth_getTransactionByHash
eth_chainId
eth_getTransactionReceipt
eth_chainId
eth_estimateGas
eth_chainId
eth_getTransactionCount
eth_feeHistory
eth_sendRawTransaction

  Transaction: 0x54244945308a96f26a10a1b94b673d17b010bb385568b46779eea9cebadbeb6c
  Contract created: 0x51a1ceb83b83f1985a81c295d1ff28afef186e02
  Gas usage: 830675
  Block number: 13500003
  Block time: Wed Apr 24 2024 00:39:08 GMT+0200 (Eastern European Standard Time)

eth_chainId
eth_getTransactionByHash
eth_chainId
eth_getTransactionReceipt
eth_chainId
eth_estimateGas
eth_chainId
eth_getTransactionCount
eth_feeHistory
eth_sendRawTransaction

  Transaction: 0x2c4a3f805e5954c18ae94e6cfc9e8ac92ca0161a85073d9ee2350c7057155400
  Contract created: 0x36b58f5c1969b7b6591d752ea6f5486d069010ab
  Gas usage: 835833
  Block number: 13500004
  Block time: Wed Apr 24 2024 00:39:08 GMT+0200 (Eastern European Standard Time)

eth_chainId
eth_getTransactionByHash
eth_chainId
eth_getTransactionReceipt
eth_chainId
eth_estimateGas
eth_chainId
eth_getTransactionCount
eth_feeHistory
eth_sendRawTransaction

  Transaction: 0x63fe460816fc81920c73c27a9806b02a540350ab3345312740acd9ebc884e92a
  Contract created: 0x8198f5d8f8cffe8f9c413d98a0a55aeb8ab9fbb7
  Gas usage: 1003162
  Block number: 13500005
  Block time: Wed Apr 24 2024 00:39:08 GMT+0200 (Eastern European Standard Time)

eth_chainId
eth_getTransactionByHash
eth_chainId
eth_getTransactionReceipt
eth_chainId
eth_estimateGas
eth_chainId
eth_getTransactionCount
eth_feeHistory
eth_sendRawTransaction

  Transaction: 0xeaf2ccabe1661088ece7d1451e69a98f5a1e011602feb7763a46f1bd707477af
  Contract created: 0x0355b7b8cb128fa5692729ab3aaa199c1753f726
  Gas usage: 1933270
  Block number: 13500006
  Block time: Wed Apr 24 2024 00:39:09 GMT+0200 (Eastern European Standard Time)

eth_chainId
eth_getTransactionByHash
eth_chainId
eth_getTransactionReceipt
eth_chainId
eth_estimateGas
eth_chainId
eth_getTransactionCount
eth_feeHistory
eth_sendRawTransaction

  Transaction: 0x1c5507c2dc3779bd3695453a6e27f4911cd44d7444629f4affc215cd8ac388a6
  Contract created: 0x202cce504e04bed6fc0521238ddf04bc9e8e15ab
  Gas usage: 2110271
  Block number: 13500007
  Block time: Wed Apr 24 2024 00:39:09 GMT+0200 (Eastern European Standard Time)

eth_chainId
eth_getTransactionByHash
eth_chainId
eth_getTransactionReceipt
eth_chainId
eth_estimateGas
eth_chainId
eth_getTransactionCount
eth_feeHistory
eth_sendRawTransaction

  Transaction: 0x7bd9aaa2df572b3812e0ccc4569321f1c0f581986a518d44ce7548f2a3ca4c04
  Contract created: 0xf4b146fba71f41e0592668ffbf264f1d186b2ca8
  Gas usage: 755788
  Block number: 13500008
  Block time: Wed Apr 24 2024 00:39:09 GMT+0200 (Eastern European Standard Time)

eth_chainId
eth_getTransactionByHash
eth_chainId
eth_getTransactionReceipt
eth_chainId
eth_estimateGas
eth_chainId
eth_getTransactionCount
eth_feeHistory
eth_sendRawTransaction

  Transaction: 0xde597f959a1cb50a55cbfdea4288d1e81e021bbd98760355659a9205e099549f
  Contract created: 0x172076e0166d1f9cc711c77adf8488051744980c
  Gas usage: 1731389
  Block number: 13500009
  Block time: Wed Apr 24 2024 00:39:09 GMT+0200 (Eastern European Standard Time)

eth_chainId
eth_getTransactionByHash
eth_chainId
eth_getTransactionReceipt
eth_chainId
eth_chainId
eth_call
eth_blockNumber
eth_chainId
eth_chainId
eth_estimateGas
eth_feeHistory
eth_getTransactionCount
eth_sendRawTransaction

  Transaction: 0xe8a8930837b1acd2074498141b786eb0d9e3e9938f573688c6a411cb24cab5d7
  Gas usage: 53721
  Block number: 13500010
  Block time: Wed Apr 24 2024 00:39:10 GMT+0200 (Eastern European Standard Time)

eth_chainId
eth_getTransactionByHash
eth_chainId
eth_estimateGas
eth_feeHistory
eth_getTransactionCount
eth_sendRawTransaction

  Transaction: 0x6cc0ad49a025bda6caf0cf90f6c15647909f24e5874f8ecdab50e977d5f5a133
  Gas usage: 58492
  Block number: 13500011
  Block time: Wed Apr 24 2024 00:39:10 GMT+0200 (Eastern European Standard Time)

eth_chainId
eth_getTransactionByHash
eth_chainId
eth_call
eth_chainId
eth_call
eth_chainId
eth_estimateGas
eth_feeHistory
eth_getTransactionCount
eth_sendRawTransaction

  Transaction: 0x634791c15c57a76e1bdd0ac0fd3c258aaf4ead611928a874b5be642f446acc1b
  Gas usage: 53721
  Block number: 13500012
  Block time: Wed Apr 24 2024 00:39:10 GMT+0200 (Eastern European Standard Time)

eth_chainId
eth_getTransactionByHash
eth_chainId
eth_estimateGas
eth_feeHistory
eth_getTransactionCount
eth_sendRawTransaction

  Transaction: 0x34fccac47d4c1d23263a71a348adc79e6ffdb6ba03dc425dbc64f38e8ab29bc8
  Gas usage: 58580
  Block number: 13500013
  Block time: Wed Apr 24 2024 00:39:10 GMT+0200 (Eastern European Standard Time)

eth_chainId
eth_getTransactionByHash
eth_chainId
eth_call
eth_chainId
eth_estimateGas
eth_feeHistory
eth_getTransactionCount
eth_sendRawTransaction

  Transaction: 0xa492e75898f8432187eb7065bf78cb904b415a1afda3f16675a6b3eba3cc5014
  Gas usage: 53721
  Block number: 13500014
  Block time: Wed Apr 24 2024 00:39:10 GMT+0200 (Eastern European Standard Time)

eth_chainId
eth_getTransactionByHash
eth_chainId
eth_estimateGas
eth_feeHistory
eth_getTransactionCount
eth_sendRawTransaction

  Transaction: 0xc1374a640aedffd55fbc09c9ba9c172c4bb12ebe9ae7363481549dad6d831b5c
  Gas usage: 58404
  Block number: 13500015
  Block time: Wed Apr 24 2024 00:39:10 GMT+0200 (Eastern European Standard Time)

eth_chainId
eth_getTransactionByHash
eth_chainId
eth_call
eth_chainId
eth_estimateGas
eth_feeHistory
eth_getTransactionCount
eth_sendRawTransaction

  Transaction: 0x16dde21bc6b727ab06003f8c2945f394953e9142011cdbe8ce1391733207d47d
  Gas usage: 53721
  Block number: 13500016
  Block time: Wed Apr 24 2024 00:39:10 GMT+0200 (Eastern European Standard Time)

eth_chainId
eth_getTransactionByHash
eth_chainId
eth_estimateGas
eth_feeHistory
eth_getTransactionCount
eth_sendRawTransaction

  Transaction: 0x4890d7bc6b39c11e6fbaf95fc5aa25b583e484d1a59da70acce42b95ea0353e0
  Gas usage: 58338
  Block number: 13500017
  Block time: Wed Apr 24 2024 00:39:10 GMT+0200 (Eastern European Standard Time)

eth_chainId
eth_getTransactionByHash
eth_chainId
eth_estimateGas
eth_chainId
eth_getTransactionCount
eth_feeHistory
eth_sendRawTransaction

  Transaction: 0x7fd2f35c6dc87042b25bc7a99316e95a3cff35e7584e29f367f2496dc7dd9160
  Contract created: 0x367761085bf3c12e5da2df99ac6e1a824612b8fb
  Gas usage: 644151
  Block number: 13500018
  Block time: Wed Apr 24 2024 00:39:10 GMT+0200 (Eastern European Standard Time)

eth_chainId
eth_getTransactionByHash
eth_chainId
eth_getTransactionReceipt
eth_chainId
eth_call
eth_chainId
eth_estimateGas
eth_chainId
eth_getTransactionCount
eth_feeHistory
eth_sendRawTransaction

  Transaction: 0x78d641dcde57e6349db14b28b2f81fb176e913d8757519b054296aa9339ed342
  Contract created: 0x4c2f7092c2ae51d986befee378e50bd4db99c901
  Gas usage: 2809243
  Block number: 13500019
  Block time: Wed Apr 24 2024 00:39:11 GMT+0200 (Eastern European Standard Time)

eth_chainId
eth_getTransactionByHash
eth_chainId
eth_getTransactionReceipt
eth_chainId
eth_estimateGas
eth_chainId
eth_getTransactionCount
eth_feeHistory
eth_sendRawTransaction

  Transaction: 0x40476e013157237b0007496ba504810ff30aa6fac495c46629b79f84cc56ee40
  Contract created: 0x7a9ec1d04904907de0ed7b6839ccdd59c3716ac9
  Gas usage: 840818
  Block number: 13500020
  Block time: Wed Apr 24 2024 00:39:11 GMT+0200 (Eastern European Standard Time)

eth_chainId
eth_getTransactionByHash
eth_chainId
eth_getTransactionReceipt
eth_chainId
eth_estimateGas
eth_chainId
eth_getTransactionCount
eth_feeHistory
eth_sendRawTransaction

  Transaction: 0x3f0e49782067185f49ffdbef2af26db6c5f3d02a6218444215db94c0dca9ac9d
  Contract created: 0x49fd2be640db2910c2fab69bb8531ab6e76127ff
  Gas usage: 1029673
  Block number: 13500021
  Block time: Wed Apr 24 2024 00:39:11 GMT+0200 (Eastern European Standard Time)

eth_chainId
eth_getTransactionByHash
eth_chainId
eth_getTransactionReceipt
eth_chainId
eth_chainId
eth_chainId
eth_blockNumber
eth_chainId
eth_chainId
eth_estimateGas
eth_getBlockByNumber
eth_feeHistory
eth_getTransactionCount
eth_chainId
eth_sendRawTransaction

  Transaction: 0x98dcb0f9e587344cbfa3aa95aa55637d75143e64fb1042f7b11828852ca3c2cc
  Gas usage: 54086
  Block number: 13500022
  Block time: Wed Apr 24 2024 00:39:20 GMT+0200 (Eastern European Standard Time)

eth_chainId
eth_getTransactionByHash
eth_chainId
eth_estimateGas
eth_feeHistory
eth_getTransactionCount
eth_sendRawTransaction

  Transaction: 0x8c57de9d800bebad160e87f7fc4d2f939f79df309efcc9f59ae5962c762f66b9
  Gas usage: 99443
  Block number: 13500023
  Block time: Wed Apr 24 2024 00:39:20 GMT+0200 (Eastern European Standard Time)

eth_chainId
eth_getTransactionByHash
eth_chainId
eth_estimateGas
eth_feeHistory
eth_getTransactionCount
eth_sendRawTransaction

  Transaction: 0xb57c984a3765a12c24cc687f04cc328bb517487bd4487f2649a6aca7231302b8
  Gas usage: 36849
  Block number: 13500024
  Block time: Wed Apr 24 2024 00:39:20 GMT+0200 (Eastern European Standard Time)

eth_chainId
eth_getTransactionByHash
eth_chainId
eth_chainId
eth_chainId
eth_blockNumber
eth_chainId
eth_chainId
eth_estimateGas
eth_getBlockByNumber
eth_feeHistory
eth_getTransactionCount
eth_chainId
eth_sendRawTransaction

  Transaction: 0x0be3faa903cfb51268fd11c3095d794f8372a0696a9d9f1144ff35d91841455c
  Gas usage: 46486
  Block number: 13500025
  Block time: Wed Apr 24 2024 00:39:29 GMT+0200 (Eastern European Standard Time)

eth_chainId
eth_getTransactionByHash
eth_chainId
eth_estimateGas
eth_feeHistory
eth_getTransactionCount
eth_sendRawTransaction

  Transaction: 0x5bfb2e5eab0d4be79ac233fd86e00f5e2c200d8fce1b19ff1cb6c2a5c6181867
  Gas usage: 46075
  Block number: 13500026
  Block time: Wed Apr 24 2024 00:39:29 GMT+0200 (Eastern European Standard Time)

eth_chainId
eth_getTransactionByHash
eth_chainId
eth_estimateGas
eth_feeHistory
eth_getTransactionCount
eth_sendRawTransaction

  Transaction: 0xf902eb3edd91660b9d4e8ba45cdf904bddd8cfcbbffdc5d4dff3c89232b66c20
  Gas usage: 46097
  Block number: 13500027
  Block time: Wed Apr 24 2024 00:39:29 GMT+0200 (Eastern European Standard Time)

eth_chainId
eth_getTransactionByHash
eth_chainId
eth_estimateGas
eth_feeHistory
eth_getTransactionCount
eth_sendRawTransaction

  Transaction: 0xf12eaa6c94169a5291e3f2a85a64205e7c9cdb080870afd452c58eaff95849a7
  Gas usage: 46131
  Block number: 13500028
  Block time: Wed Apr 24 2024 00:39:29 GMT+0200 (Eastern European Standard Time)

eth_chainId
eth_getTransactionByHash
eth_chainId
eth_estimateGas
eth_feeHistory
eth_getTransactionCount
eth_sendRawTransaction

  Transaction: 0x074369d3292e9150a854d366177ea4a7345f4f8a58ce4a0f32479e93f8e96cda
  Gas usage: 28962
  Block number: 13500029
  Block time: Wed Apr 24 2024 00:39:29 GMT+0200 (Eastern European Standard Time)

eth_chainId
eth_getTransactionByHash
(node:178328) MaxListenersExceededWarning: Possible EventEmitter memory leak detected. 11 close listeners added to [Server]. Use emitter.setMaxListeners() to increase limit
(Use `node --trace-warnings ...` to show where the warning was created)
eth_chainId
eth_chainId
eth_chainId
eth_blockNumber
eth_chainId
eth_chainId
eth_estimateGas
eth_getBlockByNumber
eth_feeHistory
eth_getTransactionCount
eth_chainId
eth_sendRawTransaction

  Transaction: 0x8ae6ffe63fad742d520cc5486b6b5657d208dd3981e382290c0c54ed01dc923d
  Gas usage: 21000
  Block number: 13500030
  Block time: Wed Apr 24 2024 00:39:34 GMT+0200 (Eastern European Standard Time)

eth_chainId
eth_getTransactionByHash
evm_snapshot
Saved snapshot #1
eth_chainId
eth_accounts
eth_chainId
eth_accounts
eth_blockNumber
eth_chainId
eth_accounts
eth_chainId
eth_estimateGas
eth_sendTransaction

  Transaction: 0x1f9c1c817c2dc8fe090a676ae78760aa372797e9054c027c43d6322b70abb81d
  Gas usage: 176987
  Block number: 13500031
  Block time: Wed Apr 24 2024 00:43:06 GMT+0200 (Eastern European Standard Time)

eth_chainId
eth_getTransactionByHash
eth_chainId
eth_chainId
eth_call
eth_chainId
eth_call
eth_chainId
eth_chainId
eth_gasPrice
eth_getBlockByNumber
eth_chainId
eth_getTransactionCount
eth_chainId
eth_estimateGas
eth_chainId
eth_blockNumber
eth_chainId
eth_sendRawTransaction

  Transaction: 0x5a1593aa3b4a6d22759765727ece7fe3b9c3412d803ce98db160f42ef6a24f39
  Gas usage: 161388
  Block number: 13500032
  Block time: Wed Apr 24 2024 00:43:06 GMT+0200 (Eastern European Standard Time)

eth_chainId
eth_chainId
eth_call
eth_chainId
eth_call
eth_chainId
eth_chainId
eth_call
eth_chainId
eth_chainId
eth_call
eth_chainId
eth_chainId
eth_gasPrice
eth_getBlockByNumber
eth_chainId
eth_getTransactionCount
eth_chainId
eth_estimateGas
eth_chainId
eth_blockNumber
eth_chainId
eth_sendRawTransaction

  Transaction: 0x5d0e8cf1e8f1294c9b1d04a29f31afd7e0870400e9d39712fcb57624283ad8c2
  Gas usage: 55539
  Block number: 13500033
  Block time: Wed Apr 24 2024 00:43:06 GMT+0200 (Eastern European Standard Time)

eth_chainId
eth_getTransactionReceipt
eth_chainId
eth_chainId
eth_call
evm_revert
Reverting to snapshot #1
evm_snapshot
Saved snapshot #1
eth_accounts
eth_chainId
eth_accounts
eth_accounts
eth_chainId
eth_estimateGas
eth_sendTransaction

  Transaction: 0x1f9c1c817c2dc8fe090a676ae78760aa372797e9054c027c43d6322b70abb81d
  Gas usage: 176987
  Block number: 13500031
  Block time: Wed Apr 24 2024 00:43:06 GMT+0200 (Eastern European Standard Time)

eth_chainId
eth_getTransactionByHash
eth_chainId
eth_chainId
eth_call
eth_chainId
eth_call
eth_chainId
eth_chainId
eth_gasPrice
eth_getBlockByNumber
eth_chainId
eth_getTransactionCount
eth_chainId
eth_estimateGas
eth_chainId
eth_blockNumber
eth_chainId
eth_sendRawTransaction

  Transaction: 0x5a1593aa3b4a6d22759765727ece7fe3b9c3412d803ce98db160f42ef6a24f39
  Gas usage: 161388
  Block number: 13500032
  Block time: Wed Apr 24 2024 00:43:06 GMT+0200 (Eastern European Standard Time)

eth_chainId
eth_chainId
eth_call
eth_chainId
eth_call
eth_chainId
eth_chainId
eth_call
eth_chainId
eth_chainId
eth_call
eth_chainId
eth_chainId
eth_gasPrice
eth_getBlockByNumber
eth_chainId
eth_getTransactionCount
eth_chainId
eth_estimateGas
eth_chainId
eth_blockNumber
eth_chainId
eth_sendRawTransaction

  Transaction: 0xc016f72ec15fc92cfd6b8dc3fa394ceab006a987b386964c590a2c5518deed0b
  Gas usage: 76567
  Block number: 13500033
  Block time: Wed Apr 24 2024 00:43:06 GMT+0200 (Eastern European Standard Time)

eth_chainId
eth_getTransactionReceipt
eth_chainId
eth_chainId
eth_call
eth_chainId
eth_chainId
eth_call
evm_revert
Reverting to snapshot #1
evm_snapshot
Saved snapshot #1
eth_chainId
eth_accounts
eth_chainId
eth_accounts
eth_blockNumber
eth_chainId
eth_accounts
eth_chainId
eth_estimateGas
eth_sendTransaction

  Transaction: 0x1f9c1c817c2dc8fe090a676ae78760aa372797e9054c027c43d6322b70abb81d
  Gas usage: 176987
  Block number: 13500031
  Block time: Wed Apr 24 2024 00:59:37 GMT+0200 (Eastern European Standard Time)

eth_chainId
eth_getTransactionByHash
eth_chainId
eth_chainId
eth_call
eth_chainId
eth_call
eth_chainId
eth_chainId
eth_gasPrice
eth_getBlockByNumber
eth_chainId
eth_getTransactionCount
eth_chainId
eth_estimateGas
eth_chainId
eth_blockNumber
eth_chainId
eth_sendRawTransaction

  Transaction: 0x5a1593aa3b4a6d22759765727ece7fe3b9c3412d803ce98db160f42ef6a24f39
  Gas usage: 161388
  Block number: 13500032
  Block time: Wed Apr 24 2024 00:59:37 GMT+0200 (Eastern European Standard Time)

eth_chainId
eth_chainId
eth_call
eth_chainId
eth_call
eth_chainId
eth_chainId
eth_call
eth_chainId
eth_chainId
eth_call
eth_chainId
eth_chainId
eth_gasPrice
eth_getBlockByNumber
eth_chainId
eth_getTransactionCount
eth_chainId
eth_estimateGas
eth_chainId
eth_blockNumber
eth_chainId
eth_sendRawTransaction

  Transaction: 0x5d0e8cf1e8f1294c9b1d04a29f31afd7e0870400e9d39712fcb57624283ad8c2
  Gas usage: 55539
  Block number: 13500033
  Block time: Wed Apr 24 2024 00:59:37 GMT+0200 (Eastern European Standard Time)

eth_chainId
eth_getTransactionReceipt
eth_chainId
eth_chainId
eth_call
evm_revert
Reverting to snapshot #1
evm_snapshot
Saved snapshot #1
eth_accounts
eth_chainId
eth_accounts
eth_accounts
eth_chainId
eth_estimateGas
eth_sendTransaction

  Transaction: 0x1f9c1c817c2dc8fe090a676ae78760aa372797e9054c027c43d6322b70abb81d
  Gas usage: 176987
  Block number: 13500031
  Block time: Wed Apr 24 2024 00:59:37 GMT+0200 (Eastern European Standard Time)

eth_chainId
eth_getTransactionByHash
eth_chainId
eth_chainId
eth_call
eth_chainId
eth_call
eth_chainId
eth_chainId
eth_gasPrice
eth_getBlockByNumber
eth_chainId
eth_getTransactionCount
eth_chainId
eth_estimateGas
eth_chainId
eth_blockNumber
eth_chainId
eth_sendRawTransaction

  Transaction: 0x5a1593aa3b4a6d22759765727ece7fe3b9c3412d803ce98db160f42ef6a24f39
  Gas usage: 161388
  Block number: 13500032
  Block time: Wed Apr 24 2024 00:59:37 GMT+0200 (Eastern European Standard Time)

eth_chainId
eth_chainId
eth_call
eth_chainId
eth_call
eth_chainId
eth_chainId
eth_call
eth_chainId
eth_chainId
eth_call
eth_chainId
eth_chainId
eth_gasPrice
eth_getBlockByNumber
eth_chainId
eth_getTransactionCount
eth_chainId
eth_estimateGas
eth_chainId
eth_blockNumber
eth_chainId
eth_sendRawTransaction

  Transaction: 0xc016f72ec15fc92cfd6b8dc3fa394ceab006a987b386964c590a2c5518deed0b
  Gas usage: 76567
  Block number: 13500033
  Block time: Wed Apr 24 2024 00:59:37 GMT+0200 (Eastern European Standard Time)

eth_chainId
eth_getTransactionReceipt
eth_chainId
eth_chainId
eth_call
eth_chainId
eth_chainId
eth_call
evm_revert
Reverting to snapshot #1
evm_snapshot
Saved snapshot #1
eth_chainId
eth_accounts
eth_chainId
eth_accounts
eth_blockNumber
eth_chainId
eth_accounts
eth_chainId
eth_estimateGas
eth_sendTransaction

  Transaction: 0x1f9c1c817c2dc8fe090a676ae78760aa372797e9054c027c43d6322b70abb81d
  Gas usage: 176987
  Block number: 13500031
  Block time: Wed Apr 24 2024 01:00:47 GMT+0200 (Eastern European Standard Time)

eth_chainId
eth_getTransactionByHash
eth_chainId
eth_chainId
eth_call
eth_chainId
eth_call
eth_chainId
eth_chainId
eth_gasPrice
eth_getBlockByNumber
eth_chainId
eth_getTransactionCount
eth_chainId
eth_estimateGas
eth_chainId
eth_blockNumber
eth_chainId
eth_sendRawTransaction

  Transaction: 0x5a1593aa3b4a6d22759765727ece7fe3b9c3412d803ce98db160f42ef6a24f39
  Gas usage: 161388
  Block number: 13500032
  Block time: Wed Apr 24 2024 01:00:48 GMT+0200 (Eastern European Standard Time)

eth_chainId
eth_chainId
eth_call
eth_chainId
eth_call
eth_chainId
eth_chainId
eth_call
eth_chainId
eth_chainId
eth_call
eth_chainId
eth_chainId
eth_gasPrice
eth_getBlockByNumber
eth_chainId
eth_getTransactionCount
eth_chainId
eth_estimateGas
eth_chainId
eth_blockNumber
eth_chainId
eth_sendRawTransaction

  Transaction: 0x5d0e8cf1e8f1294c9b1d04a29f31afd7e0870400e9d39712fcb57624283ad8c2
  Gas usage: 55539
  Block number: 13500033
  Block time: Wed Apr 24 2024 01:00:48 GMT+0200 (Eastern European Standard Time)

eth_chainId
eth_getTransactionReceipt
eth_chainId
eth_chainId
eth_call
evm_revert
Reverting to snapshot #1
evm_snapshot
Saved snapshot #1
eth_accounts
eth_chainId
eth_accounts
eth_accounts
eth_chainId
eth_estimateGas
eth_sendTransaction

  Transaction: 0x1f9c1c817c2dc8fe090a676ae78760aa372797e9054c027c43d6322b70abb81d
  Gas usage: 176987
  Block number: 13500031
  Block time: Wed Apr 24 2024 01:00:48 GMT+0200 (Eastern European Standard Time)

eth_chainId
eth_getTransactionByHash
eth_chainId
eth_chainId
eth_call
eth_chainId
eth_call
eth_chainId
eth_chainId
eth_gasPrice
eth_getBlockByNumber
eth_chainId
eth_getTransactionCount
eth_chainId
eth_estimateGas
eth_chainId
eth_blockNumber
eth_chainId
eth_sendRawTransaction

  Transaction: 0x5a1593aa3b4a6d22759765727ece7fe3b9c3412d803ce98db160f42ef6a24f39
  Gas usage: 161388
  Block number: 13500032
  Block time: Wed Apr 24 2024 01:00:48 GMT+0200 (Eastern European Standard Time)

eth_chainId
eth_chainId
eth_call
eth_chainId
eth_call
eth_chainId
eth_chainId
eth_call
eth_chainId
eth_chainId
eth_call
eth_chainId
eth_chainId
eth_gasPrice
eth_getBlockByNumber
eth_chainId
eth_getTransactionCount
eth_chainId
eth_estimateGas
eth_chainId
eth_blockNumber
eth_chainId
eth_sendRawTransaction

  Transaction: 0xc016f72ec15fc92cfd6b8dc3fa394ceab006a987b386964c590a2c5518deed0b
  Gas usage: 76567
  Block number: 13500033
  Block time: Wed Apr 24 2024 01:00:48 GMT+0200 (Eastern European Standard Time)

eth_chainId
eth_getTransactionReceipt
eth_chainId
eth_chainId
eth_call
eth_chainId
eth_chainId
eth_call
evm_revert
Reverting to snapshot #1
evm_snapshot
Saved snapshot #1
eth_chainId
eth_accounts
eth_chainId
eth_accounts
eth_blockNumber
eth_chainId
eth_accounts
eth_chainId
eth_estimateGas
eth_sendTransaction

  Transaction: 0x1f9c1c817c2dc8fe090a676ae78760aa372797e9054c027c43d6322b70abb81d
  Gas usage: 176987
  Block number: 13500031
  Block time: Wed Apr 24 2024 01:02:54 GMT+0200 (Eastern European Standard Time)

eth_chainId
eth_getTransactionByHash
eth_chainId
eth_chainId
eth_call
eth_chainId
eth_call
eth_chainId
eth_chainId
eth_gasPrice
eth_getBlockByNumber
eth_chainId
eth_getTransactionCount
eth_chainId
eth_estimateGas
eth_chainId
eth_blockNumber
eth_chainId
eth_sendRawTransaction

  Transaction: 0x5a1593aa3b4a6d22759765727ece7fe3b9c3412d803ce98db160f42ef6a24f39
  Gas usage: 161388
  Block number: 13500032
  Block time: Wed Apr 24 2024 01:02:54 GMT+0200 (Eastern European Standard Time)

eth_chainId
eth_chainId
eth_call
eth_chainId
eth_call
eth_chainId
eth_chainId
eth_call
eth_chainId
eth_chainId
eth_call
eth_chainId
eth_chainId
eth_gasPrice
eth_getBlockByNumber
eth_chainId
eth_getTransactionCount
eth_chainId
eth_estimateGas
eth_chainId
eth_blockNumber
eth_chainId
eth_sendRawTransaction

  Transaction: 0x5d0e8cf1e8f1294c9b1d04a29f31afd7e0870400e9d39712fcb57624283ad8c2
  Gas usage: 55539
  Block number: 13500033
  Block time: Wed Apr 24 2024 01:02:55 GMT+0200 (Eastern European Standard Time)

eth_chainId
eth_getTransactionReceipt
eth_chainId
eth_chainId
eth_call
evm_revert
Reverting to snapshot #1
evm_snapshot
Saved snapshot #1
eth_accounts
eth_chainId
eth_accounts
eth_accounts
eth_chainId
eth_estimateGas
eth_sendTransaction

  Transaction: 0x1f9c1c817c2dc8fe090a676ae78760aa372797e9054c027c43d6322b70abb81d
  Gas usage: 176987
  Block number: 13500031
  Block time: Wed Apr 24 2024 01:02:55 GMT+0200 (Eastern European Standard Time)

eth_chainId
eth_getTransactionByHash
eth_chainId
eth_chainId
eth_call
eth_chainId
eth_call
eth_chainId
eth_chainId
eth_gasPrice
eth_getBlockByNumber
eth_chainId
eth_getTransactionCount
eth_chainId
eth_estimateGas
eth_chainId
eth_blockNumber
eth_chainId
eth_sendRawTransaction

  Transaction: 0x5a1593aa3b4a6d22759765727ece7fe3b9c3412d803ce98db160f42ef6a24f39
  Gas usage: 161388
  Block number: 13500032
  Block time: Wed Apr 24 2024 01:02:55 GMT+0200 (Eastern European Standard Time)

eth_chainId
eth_chainId
eth_call
eth_chainId
eth_call
eth_chainId
eth_chainId
eth_call
eth_chainId
eth_chainId
eth_call
eth_chainId
eth_chainId
eth_gasPrice
eth_getBlockByNumber
eth_chainId
eth_getTransactionCount
eth_chainId
eth_estimateGas
eth_chainId
eth_blockNumber
eth_chainId
eth_sendRawTransaction

  Transaction: 0xc016f72ec15fc92cfd6b8dc3fa394ceab006a987b386964c590a2c5518deed0b
  Gas usage: 76567
  Block number: 13500033
  Block time: Wed Apr 24 2024 01:02:55 GMT+0200 (Eastern European Standard Time)

eth_chainId
eth_getTransactionReceipt
eth_chainId
eth_chainId
eth_call
eth_chainId
eth_chainId
eth_call
evm_revert
Reverting to snapshot #1
evm_snapshot
Saved snapshot #1
eth_chainId
eth_accounts
eth_chainId
eth_accounts
eth_blockNumber
eth_chainId
eth_accounts
eth_chainId
eth_estimateGas
eth_sendTransaction

  Transaction: 0x1f9c1c817c2dc8fe090a676ae78760aa372797e9054c027c43d6322b70abb81d
  Gas usage: 176987
  Block number: 13500031
  Block time: Wed Apr 24 2024 01:04:44 GMT+0200 (Eastern European Standard Time)

eth_chainId
eth_getTransactionByHash
eth_chainId
eth_chainId
eth_call
eth_chainId
eth_call
eth_chainId
eth_chainId
eth_gasPrice
eth_getBlockByNumber
eth_chainId
eth_getTransactionCount
eth_chainId
eth_estimateGas
eth_chainId
eth_blockNumber
eth_chainId
eth_sendRawTransaction

  Transaction: 0x5a1593aa3b4a6d22759765727ece7fe3b9c3412d803ce98db160f42ef6a24f39
  Gas usage: 161388
  Block number: 13500032
  Block time: Wed Apr 24 2024 01:04:45 GMT+0200 (Eastern European Standard Time)

eth_chainId
eth_chainId
eth_call
eth_chainId
eth_call
eth_chainId
eth_chainId
eth_call
eth_chainId
eth_chainId
eth_call
eth_chainId
eth_chainId
eth_gasPrice
eth_getBlockByNumber
eth_chainId
eth_getTransactionCount
eth_chainId
eth_estimateGas
eth_chainId
eth_blockNumber
eth_chainId
eth_sendRawTransaction

  Transaction: 0x5d0e8cf1e8f1294c9b1d04a29f31afd7e0870400e9d39712fcb57624283ad8c2
  Gas usage: 55539
  Block number: 13500033
  Block time: Wed Apr 24 2024 01:04:45 GMT+0200 (Eastern European Standard Time)

eth_chainId
eth_getTransactionReceipt
eth_chainId
eth_chainId
eth_call
evm_revert
Reverting to snapshot #1
evm_snapshot
Saved snapshot #1
eth_accounts
eth_chainId
eth_accounts
eth_accounts
eth_chainId
eth_estimateGas
eth_sendTransaction

  Transaction: 0x1f9c1c817c2dc8fe090a676ae78760aa372797e9054c027c43d6322b70abb81d
  Gas usage: 176987
  Block number: 13500031
  Block time: Wed Apr 24 2024 01:04:45 GMT+0200 (Eastern European Standard Time)

eth_chainId
eth_getTransactionByHash
eth_chainId
eth_chainId
eth_call
eth_chainId
eth_call
eth_chainId
eth_chainId
eth_gasPrice
eth_getBlockByNumber
eth_chainId
eth_getTransactionCount
eth_chainId
eth_estimateGas
eth_chainId
eth_blockNumber
eth_chainId
eth_sendRawTransaction

  Transaction: 0x5a1593aa3b4a6d22759765727ece7fe3b9c3412d803ce98db160f42ef6a24f39
  Gas usage: 161388
  Block number: 13500032
  Block time: Wed Apr 24 2024 01:04:45 GMT+0200 (Eastern European Standard Time)

eth_chainId
eth_chainId
eth_call
eth_chainId
eth_call
eth_chainId
eth_chainId
eth_call
eth_chainId
eth_chainId
eth_call
eth_chainId
eth_chainId
eth_gasPrice
eth_getBlockByNumber
eth_chainId
eth_getTransactionCount
eth_chainId
eth_estimateGas
eth_chainId
eth_blockNumber
eth_chainId
eth_sendRawTransaction

  Transaction: 0xc016f72ec15fc92cfd6b8dc3fa394ceab006a987b386964c590a2c5518deed0b
  Gas usage: 76567
  Block number: 13500033
  Block time: Wed Apr 24 2024 01:04:45 GMT+0200 (Eastern European Standard Time)

eth_chainId
eth_getTransactionReceipt
eth_chainId
eth_chainId
eth_call
eth_chainId
eth_chainId
eth_call
evm_revert
Reverting to snapshot #1
evm_snapshot
Saved snapshot #1
eth_chainId
eth_accounts
eth_chainId
eth_accounts
eth_blockNumber
eth_chainId
eth_accounts
eth_chainId
eth_estimateGas
eth_sendTransaction

  Transaction: 0x1f9c1c817c2dc8fe090a676ae78760aa372797e9054c027c43d6322b70abb81d
  Gas usage: 176987
  Block number: 13500031
  Block time: Wed Apr 24 2024 01:05:08 GMT+0200 (Eastern European Standard Time)

eth_chainId
eth_getTransactionByHash
eth_chainId
eth_chainId
eth_call
eth_chainId
eth_call
eth_chainId
eth_chainId
eth_gasPrice
eth_getBlockByNumber
eth_chainId
eth_getTransactionCount
eth_chainId
eth_estimateGas
eth_chainId
eth_blockNumber
eth_chainId
eth_sendRawTransaction

  Transaction: 0x5a1593aa3b4a6d22759765727ece7fe3b9c3412d803ce98db160f42ef6a24f39
  Gas usage: 161388
  Block number: 13500032
  Block time: Wed Apr 24 2024 01:05:08 GMT+0200 (Eastern European Standard Time)

eth_chainId
eth_chainId
eth_call
eth_chainId
eth_call
eth_chainId
eth_chainId
eth_call
eth_chainId
eth_chainId
eth_call
eth_chainId
eth_chainId
eth_gasPrice
eth_getBlockByNumber
eth_chainId
eth_getTransactionCount
eth_chainId
eth_estimateGas
eth_chainId
eth_blockNumber
eth_chainId
eth_sendRawTransaction

  Transaction: 0x5d0e8cf1e8f1294c9b1d04a29f31afd7e0870400e9d39712fcb57624283ad8c2
  Gas usage: 55539
  Block number: 13500033
  Block time: Wed Apr 24 2024 01:05:08 GMT+0200 (Eastern European Standard Time)

eth_chainId
eth_getTransactionReceipt
eth_chainId
eth_chainId
eth_call
evm_revert
Reverting to snapshot #1
evm_snapshot
Saved snapshot #1
eth_accounts
eth_chainId
eth_accounts
eth_accounts
eth_chainId
eth_estimateGas
eth_sendTransaction

  Transaction: 0x1f9c1c817c2dc8fe090a676ae78760aa372797e9054c027c43d6322b70abb81d
  Gas usage: 176987
  Block number: 13500031
  Block time: Wed Apr 24 2024 01:05:08 GMT+0200 (Eastern European Standard Time)

eth_chainId
eth_getTransactionByHash
eth_chainId
eth_chainId
eth_call
eth_chainId
eth_call
eth_chainId
eth_chainId
eth_gasPrice
eth_getBlockByNumber
eth_chainId
eth_getTransactionCount
eth_chainId
eth_estimateGas
eth_chainId
eth_blockNumber
eth_chainId
eth_sendRawTransaction

  Transaction: 0x5a1593aa3b4a6d22759765727ece7fe3b9c3412d803ce98db160f42ef6a24f39
  Gas usage: 161388
  Block number: 13500032
  Block time: Wed Apr 24 2024 01:05:08 GMT+0200 (Eastern European Standard Time)

eth_chainId
eth_chainId
eth_call
eth_chainId
eth_call
eth_chainId
eth_chainId
eth_call
eth_chainId
eth_chainId
eth_call
eth_chainId
eth_chainId
eth_gasPrice
eth_getBlockByNumber
eth_chainId
eth_getTransactionCount
eth_chainId
eth_estimateGas
eth_chainId
eth_blockNumber
eth_chainId
eth_sendRawTransaction

  Transaction: 0xc016f72ec15fc92cfd6b8dc3fa394ceab006a987b386964c590a2c5518deed0b
  Gas usage: 76567
  Block number: 13500033
  Block time: Wed Apr 24 2024 01:05:08 GMT+0200 (Eastern European Standard Time)

eth_chainId
eth_getTransactionReceipt
eth_chainId
eth_chainId
eth_call
eth_chainId
eth_chainId
eth_call
evm_revert
Reverting to snapshot #1
evm_snapshot
Saved snapshot #1
eth_accounts
eth_chainId
eth_chainId
eth_accounts
eth_blockNumber
eth_chainId
eth_accounts
eth_chainId
eth_estimateGas
eth_sendTransaction

  Transaction: 0x1f9c1c817c2dc8fe090a676ae78760aa372797e9054c027c43d6322b70abb81d
  Gas usage: 176987
  Block number: 13500031
  Block time: Wed Apr 24 2024 01:05:48 GMT+0200 (Eastern European Standard Time)

eth_chainId
eth_getTransactionByHash
eth_chainId
eth_chainId
eth_call
eth_chainId
eth_call
eth_chainId
eth_chainId
eth_gasPrice
eth_getBlockByNumber
eth_chainId
eth_getTransactionCount
eth_chainId
eth_estimateGas
eth_chainId
eth_blockNumber
eth_chainId
eth_sendRawTransaction

  Transaction: 0x5a1593aa3b4a6d22759765727ece7fe3b9c3412d803ce98db160f42ef6a24f39
  Gas usage: 161388
  Block number: 13500032
  Block time: Wed Apr 24 2024 01:05:48 GMT+0200 (Eastern European Standard Time)

eth_chainId
eth_chainId
eth_call
eth_chainId
eth_call
eth_chainId
eth_chainId
eth_call
eth_chainId
eth_chainId
eth_call
eth_chainId
eth_chainId
eth_gasPrice
eth_getBlockByNumber
eth_chainId
eth_getTransactionCount
eth_chainId
eth_estimateGas
eth_chainId
eth_blockNumber
eth_chainId
eth_sendRawTransaction

  Transaction: 0x5d0e8cf1e8f1294c9b1d04a29f31afd7e0870400e9d39712fcb57624283ad8c2
  Gas usage: 55539
  Block number: 13500033
  Block time: Wed Apr 24 2024 01:05:48 GMT+0200 (Eastern European Standard Time)

eth_chainId
eth_getTransactionReceipt
eth_chainId
eth_chainId
eth_call
evm_revert
Reverting to snapshot #1
evm_snapshot
Saved snapshot #1
eth_accounts
eth_chainId
eth_accounts
eth_accounts
eth_chainId
eth_estimateGas
eth_sendTransaction

  Transaction: 0x1f9c1c817c2dc8fe090a676ae78760aa372797e9054c027c43d6322b70abb81d
  Gas usage: 176987
  Block number: 13500031
  Block time: Wed Apr 24 2024 01:05:48 GMT+0200 (Eastern European Standard Time)

eth_chainId
eth_getTransactionByHash
eth_chainId
eth_chainId
eth_call
eth_chainId
eth_call
eth_chainId
eth_chainId
eth_gasPrice
eth_getBlockByNumber
eth_chainId
eth_getTransactionCount
eth_chainId
eth_estimateGas
eth_chainId
eth_blockNumber
eth_chainId
eth_sendRawTransaction

  Transaction: 0x5a1593aa3b4a6d22759765727ece7fe3b9c3412d803ce98db160f42ef6a24f39
  Gas usage: 161388
  Block number: 13500032
  Block time: Wed Apr 24 2024 01:05:49 GMT+0200 (Eastern European Standard Time)

eth_chainId
eth_chainId
eth_call
eth_chainId
eth_call
eth_chainId
eth_chainId
eth_call
eth_chainId
eth_chainId
eth_call
eth_chainId
eth_chainId
eth_gasPrice
eth_getBlockByNumber
eth_chainId
eth_getTransactionCount
eth_chainId
eth_estimateGas
eth_chainId
eth_blockNumber
eth_chainId
eth_sendRawTransaction

  Transaction: 0xc016f72ec15fc92cfd6b8dc3fa394ceab006a987b386964c590a2c5518deed0b
  Gas usage: 76567
  Block number: 13500033
  Block time: Wed Apr 24 2024 01:05:49 GMT+0200 (Eastern European Standard Time)

eth_chainId
eth_getTransactionReceipt
eth_chainId
eth_chainId
eth_call
eth_chainId
eth_chainId
eth_call
evm_revert
Reverting to snapshot #1
evm_snapshot
Saved snapshot #1
eth_chainId
eth_accounts
eth_chainId
eth_accounts
eth_blockNumber
eth_chainId
eth_accounts
eth_chainId
eth_estimateGas
eth_sendTransaction

  Transaction: 0x1f9c1c817c2dc8fe090a676ae78760aa372797e9054c027c43d6322b70abb81d
  Gas usage: 176987
  Block number: 13500031
  Block time: Wed Apr 24 2024 01:54:48 GMT+0200 (Eastern European Standard Time)

eth_chainId
eth_getTransactionByHash
eth_chainId
eth_chainId
eth_call
eth_chainId
eth_call
eth_chainId
eth_chainId
eth_gasPrice
eth_getBlockByNumber
eth_chainId
eth_getTransactionCount
eth_chainId
eth_estimateGas
eth_chainId
eth_blockNumber
eth_chainId
eth_sendRawTransaction

  Transaction: 0x5a1593aa3b4a6d22759765727ece7fe3b9c3412d803ce98db160f42ef6a24f39
  Gas usage: 161388
  Block number: 13500032
  Block time: Wed Apr 24 2024 01:54:48 GMT+0200 (Eastern European Standard Time)

eth_chainId
eth_chainId
eth_call
eth_chainId
eth_call
eth_chainId
eth_chainId
eth_call
eth_chainId
eth_chainId
eth_call
eth_chainId
eth_chainId
eth_gasPrice
eth_getBlockByNumber
eth_chainId
eth_getTransactionCount
eth_chainId
eth_estimateGas
eth_chainId
eth_blockNumber
eth_sendRawTransaction

  Transaction: 0x5d0e8cf1e8f1294c9b1d04a29f31afd7e0870400e9d39712fcb57624283ad8c2
  Gas usage: 55539
  Block number: 13500033
  Block time: Wed Apr 24 2024 01:54:49 GMT+0200 (Eastern European Standard Time)

eth_chainId
eth_getTransactionReceipt
eth_chainId
eth_chainId
eth_call
evm_revert
Reverting to snapshot #1
evm_snapshot
Saved snapshot #1
eth_accounts
eth_chainId
eth_accounts
eth_accounts
eth_chainId
eth_estimateGas
eth_sendTransaction

  Transaction: 0x1f9c1c817c2dc8fe090a676ae78760aa372797e9054c027c43d6322b70abb81d
  Gas usage: 176987
  Block number: 13500031
  Block time: Wed Apr 24 2024 01:54:49 GMT+0200 (Eastern European Standard Time)

eth_chainId
eth_getTransactionByHash
eth_chainId
eth_chainId
eth_call
eth_chainId
eth_call
eth_chainId
eth_chainId
eth_gasPrice
eth_getBlockByNumber
eth_chainId
eth_getTransactionCount
eth_chainId
eth_estimateGas
eth_chainId
eth_blockNumber
eth_chainId
eth_sendRawTransaction

  Transaction: 0x5a1593aa3b4a6d22759765727ece7fe3b9c3412d803ce98db160f42ef6a24f39
  Gas usage: 161388
  Block number: 13500032
  Block time: Wed Apr 24 2024 01:54:49 GMT+0200 (Eastern European Standard Time)

eth_chainId
eth_chainId
eth_call
eth_chainId
eth_call
eth_chainId
eth_chainId
eth_call
eth_chainId
eth_chainId
eth_call
eth_chainId
eth_chainId
eth_gasPrice
eth_getBlockByNumber
eth_chainId
eth_getTransactionCount
eth_chainId
eth_estimateGas
eth_chainId
eth_blockNumber
eth_chainId
eth_sendRawTransaction

  Transaction: 0xc016f72ec15fc92cfd6b8dc3fa394ceab006a987b386964c590a2c5518deed0b
  Gas usage: 76567
  Block number: 13500033
  Block time: Wed Apr 24 2024 01:54:49 GMT+0200 (Eastern European Standard Time)

eth_chainId
eth_getTransactionReceipt
eth_chainId
eth_chainId
eth_call
eth_chainId
eth_chainId
eth_call
evm_revert
Reverting to snapshot #1
evm_snapshot
Saved snapshot #1
eth_chainId
eth_accounts
eth_chainId
eth_accounts
eth_blockNumber
eth_chainId
eth_accounts
eth_chainId
eth_estimateGas
eth_sendTransaction

  Transaction: 0x1f9c1c817c2dc8fe090a676ae78760aa372797e9054c027c43d6322b70abb81d
  Gas usage: 176987
  Block number: 13500031
  Block time: Wed Apr 24 2024 02:07:47 GMT+0200 (Eastern European Standard Time)

eth_chainId
eth_getTransactionByHash
eth_chainId
eth_chainId
eth_call
eth_chainId
eth_call
eth_chainId
eth_chainId
eth_gasPrice
eth_getBlockByNumber
eth_chainId
eth_getTransactionCount
eth_chainId
eth_estimateGas
eth_chainId
eth_blockNumber
eth_chainId
eth_sendRawTransaction

  Transaction: 0x5a1593aa3b4a6d22759765727ece7fe3b9c3412d803ce98db160f42ef6a24f39
  Gas usage: 161388
  Block number: 13500032
  Block time: Wed Apr 24 2024 02:07:47 GMT+0200 (Eastern European Standard Time)

eth_chainId
eth_chainId
eth_call
eth_chainId
eth_call
eth_chainId
eth_chainId
eth_call
eth_chainId
eth_chainId
eth_call
eth_chainId
eth_chainId
eth_gasPrice
eth_getBlockByNumber
eth_chainId
eth_getTransactionCount
eth_chainId
eth_estimateGas
eth_chainId
eth_blockNumber
eth_chainId
eth_sendRawTransaction

  Transaction: 0x5d0e8cf1e8f1294c9b1d04a29f31afd7e0870400e9d39712fcb57624283ad8c2
  Gas usage: 55539
  Block number: 13500033
  Block time: Wed Apr 24 2024 02:07:47 GMT+0200 (Eastern European Standard Time)

eth_chainId
eth_getTransactionReceipt
eth_chainId
eth_chainId
eth_call
evm_revert
Reverting to snapshot #1
evm_snapshot
Saved snapshot #1
eth_accounts
eth_chainId
eth_accounts
eth_accounts
eth_chainId
eth_estimateGas
eth_sendTransaction

  Transaction: 0x1f9c1c817c2dc8fe090a676ae78760aa372797e9054c027c43d6322b70abb81d
  Gas usage: 176987
  Block number: 13500031
  Block time: Wed Apr 24 2024 02:07:47 GMT+0200 (Eastern European Standard Time)

eth_chainId
eth_getTransactionByHash
eth_chainId
eth_chainId
eth_call
eth_chainId
eth_call
eth_chainId
eth_chainId
eth_gasPrice
eth_getBlockByNumber
eth_chainId
eth_getTransactionCount
eth_chainId
eth_estimateGas
eth_chainId
eth_blockNumber
eth_chainId
eth_sendRawTransaction

  Transaction: 0x5a1593aa3b4a6d22759765727ece7fe3b9c3412d803ce98db160f42ef6a24f39
  Gas usage: 161388
  Block number: 13500032
  Block time: Wed Apr 24 2024 02:07:47 GMT+0200 (Eastern European Standard Time)

eth_chainId
eth_chainId
eth_call
eth_chainId
eth_call
eth_chainId
eth_chainId
eth_call
eth_chainId
eth_chainId
eth_call
eth_chainId
eth_chainId
eth_gasPrice
eth_getBlockByNumber
eth_chainId
eth_getTransactionCount
eth_chainId
eth_estimateGas
eth_chainId
eth_blockNumber
eth_chainId
eth_sendRawTransaction

  Transaction: 0xc016f72ec15fc92cfd6b8dc3fa394ceab006a987b386964c590a2c5518deed0b
  Gas usage: 76567
  Block number: 13500033
  Block time: Wed Apr 24 2024 02:07:47 GMT+0200 (Eastern European Standard Time)

eth_chainId
eth_getTransactionReceipt
eth_chainId
eth_chainId
eth_call
eth_chainId
eth_chainId
eth_call
evm_revert
Reverting to snapshot #1
evm_snapshot
Saved snapshot #1
eth_chainId
eth_accounts
eth_chainId
eth_accounts
eth_blockNumber
eth_chainId
eth_accounts
eth_chainId
eth_estimateGas
eth_sendTransaction

  Transaction: 0x1f9c1c817c2dc8fe090a676ae78760aa372797e9054c027c43d6322b70abb81d
  Gas usage: 176987
  Block number: 13500031
  Block time: Wed Apr 24 2024 02:18:17 GMT+0200 (Eastern European Standard Time)

eth_chainId
eth_getTransactionByHash
eth_chainId
eth_chainId
eth_call
eth_chainId
eth_call
eth_chainId
eth_chainId
eth_gasPrice
eth_getBlockByNumber
eth_chainId
eth_getTransactionCount
eth_chainId
eth_estimateGas
eth_chainId
eth_blockNumber
eth_chainId
eth_sendRawTransaction

  Transaction: 0x5a1593aa3b4a6d22759765727ece7fe3b9c3412d803ce98db160f42ef6a24f39
  Gas usage: 161388
  Block number: 13500032
  Block time: Wed Apr 24 2024 02:18:17 GMT+0200 (Eastern European Standard Time)

eth_chainId
eth_chainId
eth_call
eth_chainId
eth_call
eth_chainId
eth_chainId
eth_call
eth_chainId
eth_chainId
eth_call
eth_chainId
eth_chainId
eth_gasPrice
eth_getBlockByNumber
eth_chainId
eth_getTransactionCount
eth_chainId
eth_estimateGas
eth_chainId
eth_blockNumber
eth_chainId
eth_sendRawTransaction

  Transaction: 0x5d0e8cf1e8f1294c9b1d04a29f31afd7e0870400e9d39712fcb57624283ad8c2
  Gas usage: 55539
  Block number: 13500033
  Block time: Wed Apr 24 2024 02:18:17 GMT+0200 (Eastern European Standard Time)

eth_chainId
eth_getTransactionReceipt
eth_chainId
eth_chainId
eth_call
evm_revert
Reverting to snapshot #1
evm_snapshot
Saved snapshot #1
eth_accounts
eth_chainId
eth_accounts
eth_accounts
eth_chainId
eth_estimateGas
eth_sendTransaction

  Transaction: 0x1f9c1c817c2dc8fe090a676ae78760aa372797e9054c027c43d6322b70abb81d
  Gas usage: 176987
  Block number: 13500031
  Block time: Wed Apr 24 2024 02:18:17 GMT+0200 (Eastern European Standard Time)

eth_chainId
eth_getTransactionByHash
eth_chainId
eth_chainId
eth_call
eth_chainId
eth_call
eth_chainId
eth_chainId
eth_gasPrice
eth_getBlockByNumber
eth_chainId
eth_getTransactionCount
eth_chainId
eth_estimateGas
eth_chainId
eth_blockNumber
eth_chainId
eth_sendRawTransaction

  Transaction: 0x5a1593aa3b4a6d22759765727ece7fe3b9c3412d803ce98db160f42ef6a24f39
  Gas usage: 161388
  Block number: 13500032
  Block time: Wed Apr 24 2024 02:18:17 GMT+0200 (Eastern European Standard Time)

eth_chainId
eth_chainId
eth_call
eth_chainId
eth_call
eth_chainId
eth_chainId
eth_call
eth_chainId
eth_chainId
eth_call
eth_chainId
eth_chainId
eth_gasPrice
eth_getBlockByNumber
eth_chainId
eth_getTransactionCount
eth_chainId
eth_estimateGas
eth_chainId
eth_blockNumber
eth_chainId
eth_sendRawTransaction

  Transaction: 0xc016f72ec15fc92cfd6b8dc3fa394ceab006a987b386964c590a2c5518deed0b
  Gas usage: 76567
  Block number: 13500033
  Block time: Wed Apr 24 2024 02:18:18 GMT+0200 (Eastern European Standard Time)

eth_chainId
eth_getTransactionReceipt
eth_chainId
eth_chainId
eth_call
eth_chainId
eth_chainId
eth_call
evm_revert
Reverting to snapshot #1
evm_snapshot
Saved snapshot #1
eth_chainId
eth_accounts
eth_chainId
eth_accounts
eth_blockNumber
eth_chainId
eth_accounts
eth_chainId
eth_estimateGas
eth_sendTransaction

  Transaction: 0x1f9c1c817c2dc8fe090a676ae78760aa372797e9054c027c43d6322b70abb81d
  Gas usage: 176987
  Block number: 13500031
  Block time: Wed Apr 24 2024 02:35:05 GMT+0200 (Eastern European Standard Time)

eth_chainId
eth_getTransactionByHash
eth_chainId
eth_chainId
eth_call
eth_chainId
eth_call
eth_chainId
eth_chainId
eth_gasPrice
eth_getBlockByNumber
eth_chainId
eth_getTransactionCount
eth_chainId
eth_estimateGas
eth_chainId
eth_blockNumber
eth_chainId
eth_sendRawTransaction

  Transaction: 0x5a1593aa3b4a6d22759765727ece7fe3b9c3412d803ce98db160f42ef6a24f39
  Gas usage: 161388
  Block number: 13500032
  Block time: Wed Apr 24 2024 02:35:05 GMT+0200 (Eastern European Standard Time)

eth_chainId
eth_chainId
eth_call
eth_chainId
eth_call
eth_chainId
eth_chainId
eth_call
eth_chainId
eth_chainId
eth_call
eth_chainId
eth_chainId
eth_gasPrice
eth_getBlockByNumber
eth_chainId
eth_getTransactionCount
eth_chainId
eth_estimateGas
eth_chainId
eth_blockNumber
eth_chainId
eth_sendRawTransaction

  Transaction: 0x5d0e8cf1e8f1294c9b1d04a29f31afd7e0870400e9d39712fcb57624283ad8c2
  Gas usage: 55539
  Block number: 13500033
  Block time: Wed Apr 24 2024 02:35:06 GMT+0200 (Eastern European Standard Time)

eth_chainId
eth_getTransactionReceipt
eth_chainId
eth_chainId
eth_call
evm_revert
Reverting to snapshot #1
evm_snapshot
Saved snapshot #1
eth_accounts
eth_chainId
eth_accounts
eth_accounts
eth_chainId
eth_estimateGas
eth_sendTransaction

  Transaction: 0x1f9c1c817c2dc8fe090a676ae78760aa372797e9054c027c43d6322b70abb81d
  Gas usage: 176987
  Block number: 13500031
  Block time: Wed Apr 24 2024 02:35:06 GMT+0200 (Eastern European Standard Time)

eth_chainId
eth_getTransactionByHash
eth_chainId
eth_chainId
eth_call
eth_chainId
eth_call
eth_chainId
eth_chainId
eth_gasPrice
eth_getBlockByNumber
eth_chainId
eth_getTransactionCount
eth_chainId
eth_estimateGas
eth_chainId
eth_blockNumber
eth_chainId
eth_sendRawTransaction

  Transaction: 0x5a1593aa3b4a6d22759765727ece7fe3b9c3412d803ce98db160f42ef6a24f39
  Gas usage: 161388
  Block number: 13500032
  Block time: Wed Apr 24 2024 02:35:06 GMT+0200 (Eastern European Standard Time)

eth_chainId
eth_chainId
eth_call
eth_chainId
eth_call
eth_chainId
eth_chainId
eth_call
eth_chainId
eth_chainId
eth_call
eth_chainId
eth_chainId
eth_gasPrice
eth_getBlockByNumber
eth_chainId
eth_getTransactionCount
eth_chainId
eth_estimateGas
eth_chainId
eth_blockNumber
eth_chainId
eth_sendRawTransaction

  Transaction: 0xc016f72ec15fc92cfd6b8dc3fa394ceab006a987b386964c590a2c5518deed0b
  Gas usage: 76567
  Block number: 13500033
  Block time: Wed Apr 24 2024 02:35:06 GMT+0200 (Eastern European Standard Time)

eth_chainId
eth_getTransactionReceipt
eth_chainId
eth_chainId
eth_call
eth_chainId
eth_chainId
eth_call
evm_revert
Reverting to snapshot #1
evm_snapshot
Saved snapshot #1
eth_accounts
eth_chainId
eth_chainId
eth_accounts
eth_blockNumber
eth_chainId
eth_accounts
eth_chainId
eth_estimateGas
eth_sendTransaction

  Transaction: 0x1f9c1c817c2dc8fe090a676ae78760aa372797e9054c027c43d6322b70abb81d
  Gas usage: 176987
  Block number: 13500031
  Block time: Wed Apr 24 2024 02:35:43 GMT+0200 (Eastern European Standard Time)

eth_chainId
eth_getTransactionByHash
eth_chainId
eth_chainId
eth_call
eth_chainId
eth_call
eth_chainId
eth_chainId
eth_gasPrice
eth_getBlockByNumber
eth_chainId
eth_getTransactionCount
eth_chainId
eth_estimateGas
eth_chainId
eth_blockNumber
eth_chainId
eth_sendRawTransaction

  Transaction: 0x5a1593aa3b4a6d22759765727ece7fe3b9c3412d803ce98db160f42ef6a24f39
  Gas usage: 161388
  Block number: 13500032
  Block time: Wed Apr 24 2024 02:35:43 GMT+0200 (Eastern European Standard Time)

eth_chainId
eth_chainId
eth_call
eth_chainId
eth_call
eth_chainId
eth_chainId
eth_call
eth_chainId
eth_chainId
eth_call
eth_chainId
eth_chainId
eth_gasPrice
eth_getBlockByNumber
eth_chainId
eth_getTransactionCount
eth_chainId
eth_estimateGas
eth_chainId
eth_blockNumber
eth_chainId
eth_sendRawTransaction

  Transaction: 0x5d0e8cf1e8f1294c9b1d04a29f31afd7e0870400e9d39712fcb57624283ad8c2
  Gas usage: 55539
  Block number: 13500033
  Block time: Wed Apr 24 2024 02:35:44 GMT+0200 (Eastern European Standard Time)

eth_chainId
eth_getTransactionReceipt
eth_chainId
eth_chainId
eth_call
evm_revert
Reverting to snapshot #1
evm_snapshot
Saved snapshot #1
eth_accounts
eth_chainId
eth_accounts
eth_accounts
eth_chainId
eth_estimateGas
eth_sendTransaction

  Transaction: 0x1f9c1c817c2dc8fe090a676ae78760aa372797e9054c027c43d6322b70abb81d
  Gas usage: 176987
  Block number: 13500031
  Block time: Wed Apr 24 2024 02:35:44 GMT+0200 (Eastern European Standard Time)

eth_chainId
eth_getTransactionByHash
eth_chainId
eth_chainId
eth_call
eth_chainId
eth_call
eth_chainId
eth_chainId
eth_gasPrice
eth_getBlockByNumber
eth_chainId
eth_getTransactionCount
eth_chainId
eth_estimateGas
eth_chainId
eth_blockNumber
eth_chainId
eth_sendRawTransaction

  Transaction: 0x5a1593aa3b4a6d22759765727ece7fe3b9c3412d803ce98db160f42ef6a24f39
  Gas usage: 161388
  Block number: 13500032
  Block time: Wed Apr 24 2024 02:35:44 GMT+0200 (Eastern European Standard Time)

eth_chainId
eth_chainId
eth_call
eth_chainId
eth_call
eth_chainId
eth_chainId
eth_call
eth_chainId
eth_chainId
eth_call
eth_chainId
eth_chainId
eth_gasPrice
eth_getBlockByNumber
eth_chainId
eth_getTransactionCount
eth_chainId
eth_estimateGas
eth_chainId
eth_blockNumber
eth_chainId
eth_sendRawTransaction

  Transaction: 0xc016f72ec15fc92cfd6b8dc3fa394ceab006a987b386964c590a2c5518deed0b
  Gas usage: 76567
  Block number: 13500033
  Block time: Wed Apr 24 2024 02:35:44 GMT+0200 (Eastern European Standard Time)

eth_chainId
eth_getTransactionReceipt
eth_chainId
eth_chainId
eth_call
eth_chainId
eth_chainId
eth_call
evm_revert
Reverting to snapshot #1
evm_snapshot
Saved snapshot #1
eth_chainId
eth_accounts
eth_chainId
eth_accounts
eth_blockNumber
eth_chainId
eth_accounts
eth_chainId
eth_estimateGas
eth_sendTransaction

  Transaction: 0x1f9c1c817c2dc8fe090a676ae78760aa372797e9054c027c43d6322b70abb81d
  Gas usage: 176987
  Block number: 13500031
  Block time: Wed Apr 24 2024 02:36:01 GMT+0200 (Eastern European Standard Time)

eth_chainId
eth_getTransactionByHash
eth_chainId
eth_chainId
eth_call
eth_chainId
eth_call
eth_chainId
eth_chainId
eth_gasPrice
eth_getBlockByNumber
eth_chainId
eth_getTransactionCount
eth_chainId
eth_estimateGas
eth_chainId
eth_blockNumber
eth_chainId
eth_sendRawTransaction

  Transaction: 0x5a1593aa3b4a6d22759765727ece7fe3b9c3412d803ce98db160f42ef6a24f39
  Gas usage: 161388
  Block number: 13500032
  Block time: Wed Apr 24 2024 02:36:01 GMT+0200 (Eastern European Standard Time)

eth_chainId
eth_chainId
eth_call
eth_chainId
eth_call
eth_chainId
eth_chainId
eth_call
eth_chainId
eth_chainId
eth_call
eth_chainId
eth_chainId
eth_gasPrice
eth_getBlockByNumber
eth_chainId
eth_getTransactionCount
eth_chainId
eth_estimateGas
eth_chainId
eth_blockNumber
eth_chainId
eth_sendRawTransaction

  Transaction: 0x5d0e8cf1e8f1294c9b1d04a29f31afd7e0870400e9d39712fcb57624283ad8c2
  Gas usage: 55539
  Block number: 13500033
  Block time: Wed Apr 24 2024 02:36:01 GMT+0200 (Eastern European Standard Time)

eth_chainId
eth_getTransactionReceipt
eth_chainId
eth_chainId
eth_call
evm_revert
Reverting to snapshot #1
evm_snapshot
Saved snapshot #1
eth_accounts
eth_chainId
eth_accounts
eth_accounts
eth_chainId
eth_estimateGas
eth_sendTransaction

  Transaction: 0x1f9c1c817c2dc8fe090a676ae78760aa372797e9054c027c43d6322b70abb81d
  Gas usage: 176987
  Block number: 13500031
  Block time: Wed Apr 24 2024 02:36:01 GMT+0200 (Eastern European Standard Time)

eth_chainId
eth_getTransactionByHash
eth_chainId
eth_chainId
eth_call
eth_chainId
eth_call
eth_chainId
eth_chainId
eth_gasPrice
eth_getBlockByNumber
eth_chainId
eth_getTransactionCount
eth_chainId
eth_estimateGas
eth_chainId
eth_blockNumber
eth_chainId
eth_sendRawTransaction

  Transaction: 0x5a1593aa3b4a6d22759765727ece7fe3b9c3412d803ce98db160f42ef6a24f39
  Gas usage: 161388
  Block number: 13500032
  Block time: Wed Apr 24 2024 02:36:02 GMT+0200 (Eastern European Standard Time)

eth_chainId
eth_chainId
eth_call
eth_chainId
eth_call
eth_chainId
eth_chainId
eth_call
eth_chainId
eth_chainId
eth_call
eth_chainId
eth_chainId
eth_gasPrice
eth_getBlockByNumber
eth_chainId
eth_getTransactionCount
eth_chainId
eth_estimateGas
eth_chainId
eth_blockNumber
eth_chainId
eth_sendRawTransaction

  Transaction: 0xc016f72ec15fc92cfd6b8dc3fa394ceab006a987b386964c590a2c5518deed0b
  Gas usage: 76567
  Block number: 13500033
  Block time: Wed Apr 24 2024 02:36:02 GMT+0200 (Eastern European Standard Time)

eth_chainId
eth_getTransactionReceipt
eth_chainId
eth_chainId
eth_call
eth_chainId
eth_chainId
eth_call
evm_revert
Reverting to snapshot #1
evm_snapshot
Saved snapshot #1
eth_accounts
eth_chainId
eth_chainId
eth_accounts
eth_blockNumber
eth_chainId
eth_accounts
eth_chainId
eth_estimateGas
eth_sendTransaction

  Transaction: 0x1f9c1c817c2dc8fe090a676ae78760aa372797e9054c027c43d6322b70abb81d
  Gas usage: 176987
  Block number: 13500031
  Block time: Wed Apr 24 2024 02:36:09 GMT+0200 (Eastern European Standard Time)

eth_chainId
eth_getTransactionByHash
eth_chainId
eth_chainId
eth_call
eth_chainId
eth_call
eth_chainId
eth_chainId
eth_gasPrice
eth_getBlockByNumber
eth_chainId
eth_getTransactionCount
eth_chainId
eth_estimateGas
eth_chainId
eth_blockNumber
eth_chainId
eth_sendRawTransaction

  Transaction: 0x5a1593aa3b4a6d22759765727ece7fe3b9c3412d803ce98db160f42ef6a24f39
  Gas usage: 161388
  Block number: 13500032
  Block time: Wed Apr 24 2024 02:36:09 GMT+0200 (Eastern European Standard Time)

eth_chainId
eth_chainId
eth_call
eth_chainId
eth_call
eth_chainId
eth_chainId
eth_call
eth_chainId
eth_chainId
eth_call
eth_chainId
eth_chainId
eth_gasPrice
eth_getBlockByNumber
eth_chainId
eth_getTransactionCount
eth_chainId
eth_estimateGas
eth_chainId
eth_blockNumber
eth_chainId
eth_sendRawTransaction

  Transaction: 0x5d0e8cf1e8f1294c9b1d04a29f31afd7e0870400e9d39712fcb57624283ad8c2
  Gas usage: 55539
  Block number: 13500033
  Block time: Wed Apr 24 2024 02:36:09 GMT+0200 (Eastern European Standard Time)

eth_chainId
eth_getTransactionReceipt
eth_chainId
eth_chainId
eth_call
evm_revert
Reverting to snapshot #1
evm_snapshot
Saved snapshot #1
eth_accounts
eth_chainId
eth_accounts
eth_accounts
eth_chainId
eth_estimateGas
eth_sendTransaction

  Transaction: 0x1f9c1c817c2dc8fe090a676ae78760aa372797e9054c027c43d6322b70abb81d
  Gas usage: 176987
  Block number: 13500031
  Block time: Wed Apr 24 2024 02:36:09 GMT+0200 (Eastern European Standard Time)

eth_chainId
eth_getTransactionByHash
eth_chainId
eth_chainId
eth_call
eth_chainId
eth_call
eth_chainId
eth_chainId
eth_gasPrice
eth_getBlockByNumber
eth_chainId
eth_getTransactionCount
eth_chainId
eth_estimateGas
eth_chainId
eth_blockNumber
eth_chainId
eth_sendRawTransaction

  Transaction: 0x5a1593aa3b4a6d22759765727ece7fe3b9c3412d803ce98db160f42ef6a24f39
  Gas usage: 161388
  Block number: 13500032
  Block time: Wed Apr 24 2024 02:36:09 GMT+0200 (Eastern European Standard Time)

eth_chainId
eth_chainId
eth_call
eth_chainId
eth_call
eth_chainId
eth_chainId
eth_call
eth_chainId
eth_chainId
eth_call
eth_chainId
eth_chainId
eth_gasPrice
eth_getBlockByNumber
eth_chainId
eth_getTransactionCount
eth_chainId
eth_estimateGas
eth_chainId
eth_blockNumber
eth_chainId
eth_sendRawTransaction

  Transaction: 0xc016f72ec15fc92cfd6b8dc3fa394ceab006a987b386964c590a2c5518deed0b
  Gas usage: 76567
  Block number: 13500033
  Block time: Wed Apr 24 2024 02:36:10 GMT+0200 (Eastern European Standard Time)

eth_chainId
eth_getTransactionReceipt
eth_chainId
eth_chainId
eth_call
eth_chainId
eth_chainId
eth_call
evm_revert
Reverting to snapshot #1
evm_snapshot
Saved snapshot #1
eth_accounts
eth_chainId
eth_chainId
eth_accounts
eth_blockNumber
eth_chainId
eth_accounts
eth_chainId
eth_estimateGas
eth_sendTransaction

  Transaction: 0x1f9c1c817c2dc8fe090a676ae78760aa372797e9054c027c43d6322b70abb81d
  Gas usage: 176987
  Block number: 13500031
  Block time: Wed Apr 24 2024 02:38:32 GMT+0200 (Eastern European Standard Time)

eth_chainId
eth_getTransactionByHash
eth_chainId
eth_chainId
eth_call
eth_chainId
eth_call
eth_chainId
eth_chainId
eth_gasPrice
eth_getBlockByNumber
eth_chainId
eth_getTransactionCount
eth_chainId
eth_estimateGas
eth_chainId
eth_blockNumber
eth_chainId
eth_sendRawTransaction

  Transaction: 0x5a1593aa3b4a6d22759765727ece7fe3b9c3412d803ce98db160f42ef6a24f39
  Gas usage: 161388
  Block number: 13500032
  Block time: Wed Apr 24 2024 02:38:32 GMT+0200 (Eastern European Standard Time)

eth_chainId
eth_chainId
eth_call
eth_chainId
eth_call
eth_chainId
eth_chainId
eth_call
eth_chainId
eth_chainId
eth_call
eth_chainId
eth_chainId
eth_gasPrice
eth_getBlockByNumber
eth_chainId
eth_getTransactionCount
eth_chainId
eth_estimateGas
eth_chainId
eth_blockNumber
eth_chainId
eth_sendRawTransaction

  Transaction: 0x5d0e8cf1e8f1294c9b1d04a29f31afd7e0870400e9d39712fcb57624283ad8c2
  Gas usage: 55539
  Block number: 13500033
  Block time: Wed Apr 24 2024 02:38:32 GMT+0200 (Eastern European Standard Time)

eth_chainId
eth_getTransactionReceipt
eth_chainId
eth_chainId
eth_call
evm_revert
Reverting to snapshot #1
evm_snapshot
Saved snapshot #1
eth_accounts
eth_chainId
eth_accounts
eth_accounts
eth_chainId
eth_estimateGas
eth_sendTransaction

  Transaction: 0x1f9c1c817c2dc8fe090a676ae78760aa372797e9054c027c43d6322b70abb81d
  Gas usage: 176987
  Block number: 13500031
  Block time: Wed Apr 24 2024 02:38:32 GMT+0200 (Eastern European Standard Time)

eth_chainId
eth_getTransactionByHash
eth_chainId
eth_chainId
eth_call
eth_chainId
eth_call
eth_chainId
eth_chainId
eth_gasPrice
eth_getBlockByNumber
eth_chainId
eth_getTransactionCount
eth_chainId
eth_estimateGas
eth_chainId
eth_blockNumber
eth_chainId
eth_sendRawTransaction

  Transaction: 0x5a1593aa3b4a6d22759765727ece7fe3b9c3412d803ce98db160f42ef6a24f39
  Gas usage: 161388
  Block number: 13500032
  Block time: Wed Apr 24 2024 02:38:33 GMT+0200 (Eastern European Standard Time)

eth_chainId
eth_chainId
eth_call
eth_chainId
eth_call
eth_chainId
eth_chainId
eth_call
eth_chainId
eth_chainId
eth_call
eth_chainId
eth_chainId
eth_gasPrice
eth_getBlockByNumber
eth_chainId
eth_getTransactionCount
eth_chainId
eth_estimateGas
eth_chainId
eth_blockNumber
eth_chainId
eth_sendRawTransaction

  Transaction: 0xc016f72ec15fc92cfd6b8dc3fa394ceab006a987b386964c590a2c5518deed0b
  Gas usage: 76567
  Block number: 13500033
  Block time: Wed Apr 24 2024 02:38:33 GMT+0200 (Eastern European Standard Time)

eth_chainId
eth_getTransactionReceipt
eth_chainId
eth_chainId
eth_call
eth_chainId
eth_chainId
eth_call
evm_revert
Reverting to snapshot #1
evm_snapshot
Saved snapshot #1
eth_chainId
eth_accounts
eth_chainId
eth_accounts
eth_blockNumber
eth_chainId
eth_accounts
eth_chainId
eth_estimateGas
eth_sendTransaction

  Transaction: 0x1f9c1c817c2dc8fe090a676ae78760aa372797e9054c027c43d6322b70abb81d
  Gas usage: 176987
  Block number: 13500031
  Block time: Wed Apr 24 2024 02:49:43 GMT+0200 (Eastern European Standard Time)

eth_chainId
eth_getTransactionByHash
eth_chainId
eth_chainId
eth_call
eth_chainId
eth_call
eth_chainId
eth_chainId
eth_gasPrice
eth_getBlockByNumber
eth_chainId
eth_getTransactionCount
eth_chainId
eth_estimateGas
eth_chainId
eth_blockNumber
eth_chainId
eth_sendRawTransaction

  Transaction: 0x5a1593aa3b4a6d22759765727ece7fe3b9c3412d803ce98db160f42ef6a24f39
  Gas usage: 161388
  Block number: 13500032
  Block time: Wed Apr 24 2024 02:49:43 GMT+0200 (Eastern European Standard Time)

eth_chainId
eth_chainId
eth_call
eth_chainId
eth_call
eth_chainId
eth_chainId
eth_call
eth_chainId
eth_chainId
eth_call
eth_chainId
eth_chainId
eth_gasPrice
eth_getBlockByNumber
eth_chainId
eth_getTransactionCount
eth_chainId
eth_estimateGas
eth_chainId
eth_blockNumber
eth_chainId
eth_sendRawTransaction

  Transaction: 0x5d0e8cf1e8f1294c9b1d04a29f31afd7e0870400e9d39712fcb57624283ad8c2
  Gas usage: 55539
  Block number: 13500033
  Block time: Wed Apr 24 2024 02:49:43 GMT+0200 (Eastern European Standard Time)

eth_chainId
eth_getTransactionReceipt
eth_chainId
eth_chainId
eth_call
evm_revert
Reverting to snapshot #1
evm_snapshot
Saved snapshot #1
eth_accounts
eth_chainId
eth_accounts
eth_accounts
eth_chainId
eth_estimateGas
eth_sendTransaction

  Transaction: 0x1f9c1c817c2dc8fe090a676ae78760aa372797e9054c027c43d6322b70abb81d
  Gas usage: 176987
  Block number: 13500031
  Block time: Wed Apr 24 2024 02:49:43 GMT+0200 (Eastern European Standard Time)

eth_chainId
eth_getTransactionByHash
eth_chainId
eth_chainId
eth_call
eth_chainId
eth_call
eth_chainId
eth_chainId
eth_gasPrice
eth_getBlockByNumber
eth_chainId
eth_getTransactionCount
eth_chainId
eth_estimateGas
eth_chainId
eth_blockNumber
eth_chainId
eth_sendRawTransaction

  Transaction: 0x5a1593aa3b4a6d22759765727ece7fe3b9c3412d803ce98db160f42ef6a24f39
  Gas usage: 161388
  Block number: 13500032
  Block time: Wed Apr 24 2024 02:49:43 GMT+0200 (Eastern European Standard Time)

eth_chainId
eth_chainId
eth_call
eth_chainId
eth_call
eth_chainId
eth_chainId
eth_call
eth_chainId
eth_chainId
eth_call
eth_chainId
eth_chainId
eth_gasPrice
eth_getBlockByNumber
eth_chainId
eth_getTransactionCount
eth_chainId
eth_estimateGas
eth_chainId
eth_blockNumber
eth_chainId
eth_sendRawTransaction

  Transaction: 0xc016f72ec15fc92cfd6b8dc3fa394ceab006a987b386964c590a2c5518deed0b
  Gas usage: 76567
  Block number: 13500033
  Block time: Wed Apr 24 2024 02:49:44 GMT+0200 (Eastern European Standard Time)

eth_chainId
eth_getTransactionReceipt
eth_chainId
eth_chainId
eth_call
eth_chainId
eth_chainId
eth_call
evm_revert
Reverting to snapshot #1
